Arguments: 
  C:\Program Files\nodejs\node.exe C:\Users\bachi\AppData\Roaming\npm\node_modules\yarn\bin\yarn.js install

PATH: 
  C:\Program Files (x86)\Common Files\Oracle\Java\javapath;C:\Program Files\Common Files\Oracle\Java\javapath;C:\Program Files (x86)\VMware\VMware Workstation\bin\;C:\Program Files (x86)\Common Files\Intel\Shared Libraries\redist\intel64\compiler;C:\Windows\system32;C:\Windows;C:\Windows\System32\Wbem;C:\Windows\System32\WindowsPowerShell\v1.0\;C:\Windows\System32\OpenSSH\;C:\Program Files\Git\cmd;C:\Program Files\dotnet\;C:\Program Files\nodejs\;C:\ProgramData\chocolatey\bin;C:\Program Files\PostgreSQL\14\bin;C:\ProgramData\ComposerSetup\bin;C:\Program Files\Docker\Docker\resources\bin;C:\ProgramData\DockerDesktop\version-bin;C:\Program Files\MongoDB\Server\6.0\bin;C:\Users\bachi\AppData\Local\Programs\Python\Python310;C:\Program Files\Maven\apache-maven-3.8.6-bin\apache-maven-3.8.6\bin;C:\Program Files\Tesseract-OCR;C:\Program Files\MySQL\MySQL Shell 8.0\bin\;C:\Users\bachi\AppData\Local\Microsoft\WindowsApps;C:\Users\bachi\AppData\Local\Programs\Microsoft VS Code\bin;C:\Users\bachi\.dotnet\tools;C:\Users\bachi\AppData\Roaming\npm;C:\Program Files\heroku\bin;C:\Program Files\PHP;C:\Users\bachi\AppData\Roaming\Composer\vendor\bin;C:\xampp\php;C:\Program Files\Java\jdk1.8.0_202\bin;C:\Program Files\MariaDB 10.11\bin;C:\Users\bachi\AppData\Local\Programs\Python\Python310\Scripts;C:\Users\bachi\AppData\Local\Programs\Python\Python310;C:\Windows\System32\WindowsPowerShell\v1.0;;C:\Program Files\JetBrains\PyCharm Community Edition 2022.3.2\bin;

Yarn version: 
  1.22.18

Node version: 
  16.15.0

Platform: 
  win32 x64

Trace: 
  Error: EPERM: operation not permitted, copyfile 'C:\Users\bachi\AppData\Local\Yarn\Cache\v6\npm-@babel-parser-7.21.3-1d285d67a19162ff9daa358d4cb41d50c06220b3-integrity\node_modules\@babel\parser\typings\babel-parser.d.ts' -> 'C:\Users\bachi\Desktop\safeBite\node_modules\@babel\parser\typings\babel-parser.d.ts'

npm manifest: 
  {
    "name": "safebite",
    "version": "1.0.0",
    "main": "node_modules/expo/AppEntry.js",
    "scripts": {
      "start": "expo start",
      "android": "expo start --android",
      "ios": "expo start --ios",
      "web": "expo start --web"
    },
    "dependencies": {
      "@expo/webpack-config": "^0.17.2",
      "@react-native-async-storage/async-storage": "^1.17.12",
      "@react-navigation/native": "^6.1.2",
      "@react-navigation/native-stack": "^6.9.8",
      "@rneui/themed": "^4.0.0-rc.7",
      "axios": "^1.0.0",
      "expo": "~47.0.12",
      "expo-barcode-scanner": "~12.1.0",
      "expo-linear-gradient": "~12.0.1",
      "expo-status-bar": "~1.4.2",
      "jwt-decode": "^3.1.2",
      "ms": "^2.1.3",
      "react": "18.1.0",
      "react-dom": "18.1.0",
      "react-native": "0.70.5",
      "react-native-dialog": "^9.3.0",
      "react-native-gesture-handler": "^2.8.0",
      "react-native-image-picker": "^5.3.1",
      "react-native-safe-area-context": "^4.4.1",
      "react-native-screens": "~3.18.0",
      "react-native-user-avatar": "^1.0.8",
      "react-native-web": "~0.18.9",
      "react-navigation": "^4.4.4",
      "react-scripts": "^5.0.1",
      "safe-buffer": "^5.2.1",
      "shebang-regex": "^4.0.0"
    },
    "devDependencies": {
      "@babel/core": "^7.12.9"
    },
    "private": true
  }

yarn manifest: 
  No manifest

Lockfile: 
  
